<?xml version="1.0" encoding="UTF-8" ?>
<testsuite errors="0" failures="0" hostname="LAPTOP-R9TR2K06" name="towa.TestKamikaze" skipped="0" tests="1" time="0.09" timestamp="2020-11-29T17:11:49">
  <properties>
    <property name="libs.spring-framework300.classpath" value="C:\Users\Ejeul\Downloads\netbeans\ide\modules\org-apache-commons-logging.jar;C:\Users\Ejeul\Downloads\netbeans\java\modules\ext\cglib-2.2.jar;C:\Users\Ejeul\Downloads\netbeans\java\modules\ext\spring-3.0\spring-aop-3.2.7.RELEASE.jar;C:\Users\Ejeul\Downloads\netbeans\java\modules\ext\spring-3.0\spring-aspects-3.2.7.RELEASE.jar;C:\Users\Ejeul\Downloads\netbeans\java\modules\ext\spring-3.0\spring-beans-3.2.7.RELEASE.jar;C:\Users\Ejeul\Downloads\netbeans\java\modules\ext\spring-3.0\spring-build-src-3.2.7.RELEASE.jar;C:\Users\Ejeul\Downloads\netbeans\java\modules\ext\spring-3.0\spring-context-3.2.7.RELEASE.jar;C:\Users\Ejeul\Downloads\netbeans\java\modules\ext\spring-3.0\spring-context-support-3.2.7.RELEASE.jar;C:\Users\Ejeul\Downloads\netbeans\java\modules\ext\spring-3.0\spring-core-3.2.7.RELEASE.jar;C:\Users\Ejeul\Downloads\netbeans\java\modules\ext\spring-3.0\spring-expression-3.2.7.RELEASE.jar;C:\Users\Ejeul\Downloads\netbeans\java\modules\ext\spring-3.0\spring-framework-bom-3.2.7.RELEASE.jar;C:\Users\Ejeul\Downloads\netbeans\java\modules\ext\spring-3.0\spring-instrument-3.2.7.RELEASE.jar;C:\Users\Ejeul\Downloads\netbeans\java\modules\ext\spring-3.0\spring-instrument-tomcat-3.2.7.RELEASE.jar;C:\Users\Ejeul\Downloads\netbeans\java\modules\ext\spring-3.0\spring-jdbc-3.2.7.RELEASE.jar;C:\Users\Ejeul\Downloads\netbeans\java\modules\ext\spring-3.0\spring-jms-3.2.7.RELEASE.jar;C:\Users\Ejeul\Downloads\netbeans\java\modules\ext\spring-3.0\spring-orm-3.2.7.RELEASE.jar;C:\Users\Ejeul\Downloads\netbeans\java\modules\ext\spring-3.0\spring-oxm-3.2.7.RELEASE.jar;C:\Users\Ejeul\Downloads\netbeans\java\modules\ext\spring-3.0\spring-struts-3.2.7.RELEASE.jar;C:\Users\Ejeul\Downloads\netbeans\java\modules\ext\spring-3.0\spring-test-3.2.7.RELEASE.jar;C:\Users\Ejeul\Downloads\netbeans\java\modules\ext\spring-3.0\spring-tx-3.2.7.RELEASE.jar;C:\Users\Ejeul\Downloads\netbeans\java\modules\ext\spring-3.0\spring-web-3.2.7.RELEASE.jar;C:\Users\Ejeul\Downloads\netbeans\java\modules\ext\spring-3.0\spring-webmvc-3.2.7.RELEASE.jar;C:\Users\Ejeul\Downloads\netbeans\java\modules\ext\spring-3.0\spring-webmvc-portlet-3.2.7.RELEASE.jar" />
    <property name="javac.test.classpath" value=":build/classes:C:\Users\Ejeul\Downloads\netbeans\platform\modules\ext\hamcrest-core-1.3.jar:C:\Users\Ejeul\Downloads\netbeans\platform\modules\ext\junit-4.12.jar" />
    <property name="java.specification.version" value="15" />
    <property name="jar.index.metainf" value="false" />
    <property name="jnlp.signing.keystore" value="" />
    <property name="libs.spring-webmvc4.0.javadoc" value="" />
    <property name="libs.spring-framework400.classpath" value="C:\Users\Ejeul\Downloads\netbeans\ide\modules\org-apache-commons-logging.jar;C:\Users\Ejeul\Downloads\netbeans\java\modules\ext\cglib-2.2.jar;C:\Users\Ejeul\Downloads\netbeans\java\modules\ext\spring-4\spring-aop-4.0.1.RELEASE.jar;C:\Users\Ejeul\Downloads\netbeans\java\modules\ext\spring-4\spring-aspects-4.0.1.RELEASE.jar;C:\Users\Ejeul\Downloads\netbeans\java\modules\ext\spring-4\spring-beans-4.0.1.RELEASE.jar;C:\Users\Ejeul\Downloads\netbeans\java\modules\ext\spring-4\spring-build-src-4.0.1.RELEASE.jar;C:\Users\Ejeul\Downloads\netbeans\java\modules\ext\spring-4\spring-context-4.0.1.RELEASE.jar;C:\Users\Ejeul\Downloads\netbeans\java\modules\ext\spring-4\spring-context-support-4.0.1.RELEASE.jar;C:\Users\Ejeul\Downloads\netbeans\java\modules\ext\spring-4\spring-core-4.0.1.RELEASE.jar;C:\Users\Ejeul\Downloads\netbeans\java\modules\ext\spring-4\spring-expression-4.0.1.RELEASE.jar;C:\Users\Ejeul\Downloads\netbeans\java\modules\ext\spring-4\spring-framework-bom-4.0.1.RELEASE.jar;C:\Users\Ejeul\Downloads\netbeans\java\modules\ext\spring-4\spring-instrument-4.0.1.RELEASE.jar;C:\Users\Ejeul\Downloads\netbeans\java\modules\ext\spring-4\spring-instrument-tomcat-4.0.1.RELEASE.jar;C:\Users\Ejeul\Downloads\netbeans\java\modules\ext\spring-4\spring-jdbc-4.0.1.RELEASE.jar;C:\Users\Ejeul\Downloads\netbeans\java\modules\ext\spring-4\spring-jms-4.0.1.RELEASE.jar;C:\Users\Ejeul\Downloads\netbeans\java\modules\ext\spring-4\spring-messaging-4.0.1.RELEASE.jar;C:\Users\Ejeul\Downloads\netbeans\java\modules\ext\spring-4\spring-orm-4.0.1.RELEASE.jar;C:\Users\Ejeul\Downloads\netbeans\java\modules\ext\spring-4\spring-oxm-4.0.1.RELEASE.jar;C:\Users\Ejeul\Downloads\netbeans\java\modules\ext\spring-4\spring-test-4.0.1.RELEASE.jar;C:\Users\Ejeul\Downloads\netbeans\java\modules\ext\spring-4\spring-tx-4.0.1.RELEASE.jar;C:\Users\Ejeul\Downloads\netbeans\java\modules\ext\spring-4\spring-web-4.0.1.RELEASE.jar;C:\Users\Ejeul\Downloads\netbeans\java\modules\ext\spring-4\spring-webmvc-4.0.1.RELEASE.jar;C:\Users\Ejeul\Downloads\netbeans\java\modules\ext\spring-4\spring-webmvc-portlet-4.0.1.RELEASE.jar;C:\Users\Ejeul\Downloads\netbeans\java\modules\ext\spring-4\spring-websocket-4.0.1.RELEASE.jar" />
    <property name="test.binaryincludes" value="&lt;nothing&gt;" />
    <property name="debug-transport" value="dt_shmem" />
    <property name="java.vendor.url" value="https://java.oracle.com/" />
    <property name="debug.modulepath" value="" />
    <property name="libs.eclipselink.javadoc" value="" />
    <property name="libs.jsp-compilation.src" value="" />
    <property name="libs.JWSAntTasks.javadoc" value="" />
    <property name="sun.boot.library.path" value="C:\Program Files\Java\jdk-15.0.1\bin" />
    <property name="sun.java.command" value="org.apache.tools.ant.taskdefs.optional.junit.JUnitTestRunner towa.TestKamikaze skipNonTests=false filtertrace=true haltOnError=false haltOnFailure=false showoutput=true outputtoformatters=true logfailedtests=true threadid=0 logtestlistenerevents=true formatter=org.apache.tools.ant.taskdefs.optional.junit.BriefJUnitResultFormatter formatter=org.apache.tools.ant.taskdefs.optional.junit.XMLJUnitResultFormatter,C:\Users\Ejeul\OneDrive\Documents\NetBeansProjects\Towa\build\test\results\TEST-towa.TestKamikaze.xml crashfile=C:\Users\Ejeul\OneDrive\Documents\NetBeansProjects\Towa\build\junitvmwatcher13173482470636821093.properties propsfile=C:\Users\Ejeul\OneDrive\Documents\NetBeansProjects\Towa\build\junit6973449782229586345.properties" />
    <property name="jdk.debug" value="release" />
    <property name="libs.spring-framework300.src" value="" />
    <property name="javadoc.use" value="true" />
    <property name="libs.javac-api.maven-pom" value="" />
    <property name="javadoc.notree" value="false" />
    <property name="basedir" value="C:\Users\Ejeul\OneDrive\Documents\NetBeansProjects\Towa" />
    <property name="application.vendor" value="olivier" />
    <property name="java.vm.specification.vendor" value="Oracle Corporation" />
    <property name="java.specification.name" value="Java Platform API Specification" />
    <property name="libs.javac-api.javadoc" value="" />
    <property name="libs.jsf20.classpath" value="C:\Users\Ejeul\Downloads\netbeans\enterprise\modules\ext\jsf-2_2\javax.faces.jar" />
    <property name="netbeans.extbrowser.manual_chrome_plugin_install" value="yes" />
    <property name="netbeans.default_userdir_root" value="C:\Users\Ejeul\AppData\Roaming\NetBeans" />
    <property name="libs.jsp-compilation-syscp.src" value="" />
    <property name="jdk.home" value="C:\Program Files\Java\jdk-15.0.1" />
    <property name="java.runtime.version" value="15.0.1+9-18" />
    <property name="libs.eclipselink.maven-pom" value="" />
    <property name="libs.metro.maven-pom" value="" />
    <property name="libs.JAXB-ENDORSED.javadoc" value="" />
    <property name="org.openide.awt.SwingBrowserImpl.do-not-block-awt" value="false" />
    <property name="sun.java2d.noddraw" value="true" />
    <property name="sun.zip.disableMemoryMapping" value="true" />
    <property name="libs.maven-dependencies.maven-pom" value="" />
    <property name="libs.primefaces.javadoc" value="" />
    <property name="libs.jsp-compilation.javadoc" value="" />
    <property name="libs.jsf12.src" value="" />
    <property name="libs.groovy-all.maven-pom" value="" />
    <property name="libs.restapi.src" value="" />
    <property name="libs.junit_5.javadoc" value="C:\Users\Ejeul\Downloads\netbeans\platform\docs\junit-jupiter-api-5.3.1-javadoc.jar;C:\Users\Ejeul\Downloads\netbeans\platform\docs\junit-jupiter-params-5.3.1-javadoc.jar;C:\Users\Ejeul\Downloads\netbeans\platform\docs\junit-jupiter-engine-5.3.1-javadoc.jar" />
    <property name="jnlp.enabled" value="false" />
    <property name="dist.archive.excludes" value="" />
    <property name="java.io.tmpdir" value="C:\Users\Ejeul\AppData\Local\Temp\" />
    <property name="java.version" value="15.0.1" />
    <property name="java.vm.specification.name" value="Java Virtual Machine Specification" />
    <property name="libs.hamcrest.src" value="" />
    <property name="java.library.path" value="C:\Program Files\Java\jdk-15.0.1\bin;C:\windows\Sun\Java\bin;C:\windows\system32;C:\windows;C:\Program Files\Common Files\Oracle\Java\javapath;C:\Program Files (x86)\Common Files\Oracle\Java\javapath;C:\windows\system32;C:\windows;C:\windows\System32\Wbem;C:\windows\System32\WindowsPowerShell\v1.0\;C:\windows\System32\OpenSSH\;C:\Program Files (x86)\NVIDIA Corporation\PhysX\Common;C:\Program Files\NVIDIA Corporation\NVIDIA NvDLISR;C:\Program Files\Git\cmd;C:\Users\Ejeul\AppData\Local\Microsoft\WindowsApps;;C:\Users\Ejeul\AppData\Local\Programs\Microsoft VS Code\bin;." />
    <property name="java.vendor" value="Oracle Corporation" />
    <property name="libs.groovy-all.src" value="" />
    <property name="libs.testng.javadoc" value="C:\Users\Ejeul\Downloads\netbeans\platform\docs\testng-6.8.1-javadoc.zip" />
    <property name="meta.inf.dir" value="src/META-INF" />
    <property name="jlink.additionalparam" value="" />
    <property name="libs.testng.maven-pom" value="" />
    <property name="org.openide.version" value="deprecated" />
    <property name="test.includes" value="towa/TestKamikaze.java" />
    <property name="run.classpath" value=":build/classes" />
    <property name="libs.jaxb.src" value="" />
    <property name="sun.awt.enableExtraMouseButtons" value="true" />
    <property name="test.src.dir" value="test" />
    <property name="org.openide.major.version" value="IDE/1" />
    <property name="libs.spring-framework300.javadoc" value="" />
    <property name="ap.proc.none.internal" value="" />
    <property name="org.openide.specification.version" value="6.2" />
    <property name="user.timezone" value="Europe/Paris" />
    <property name="jar.index" value="false" />
    <property name="libs.jpa20-persistence.classpath" value="C:\Users\Ejeul\Downloads\netbeans\java\modules\ext\eclipselink\javax.persistence-2.1.0.jar" />
    <property name="libs.junit_5.classpath" value="C:\Users\Ejeul\Downloads\netbeans\platform\modules\ext\junit-jupiter-api-5.3.1.jar;C:\Users\Ejeul\Downloads\netbeans\platform\modules\ext\junit-jupiter-params-5.3.1.jar;C:\Users\Ejeul\Downloads\netbeans\platform\modules\ext\junit-jupiter-engine-5.3.1.jar" />
    <property name="libs.eclipselinkmodelgen.javadoc" value="" />
    <property name="java.vm.specification.version" value="15" />
    <property name="javadoc.noindex" value="false" />
    <property name="javadoc.private" value="false" />
    <property name="libs.spring-webmvc4.0.maven-pom" value="" />
    <property name="libs.JAXB-ENDORSED.maven-pom" value="" />
    <property name="user.home" value="C:\Users\Ejeul" />
    <property name="libs.eclipselinkmodelgen.maven-pom" value="" />
    <property name="have.sources" value="true" />
    <property name="annotation.processing.processors.list" value="" />
    <property name="jlink.launcher" value="true" />
    <property name="javac.deprecation" value="false" />
    <property name="manifest.custom.caller.allowable.codebase" value="" />
    <property name="build.generated.sources.dir" value="build/generated-sources" />
    <property name="plugin.manager.check.updates" value="false" />
    <property name="netbeans.autoupdate.language" value="fr" />
    <property name="libs.eclipselinkmodelgen.src" value="" />
    <property name="build.compiler.emacs" value="true" />
    <property name="build.classes.excludes" value="**/*.java,**/*.form" />
    <property name="dist.jar" value="dist/Towa.jar" />
    <property name="libs.spring-webmvc4.0.classpath" value="C:\Users\Ejeul\Downloads\netbeans\java\modules\ext\spring-4\spring-webmvc-4.0.1.RELEASE.jar" />
    <property name="libs.javaee-endorsed-api-7.0.javadoc" value="C:\Users\Ejeul\Downloads\netbeans\enterprise\docs\javaee-doc-api.jar" />
    <property name="os.version" value="10.0" />
    <property name="netbeans.home" value="C:\Users\Ejeul\Downloads\netbeans\platform" />
    <property name="libs.CopyLibs.javadoc" value="" />
    <property name="debug-transport-by-os" value="dt_shmem" />
    <property name="libs.jsf20.src" value="" />
    <property name="java.vm.name" value="Java HotSpot(TM) 64-Bit Server VM" />
    <property name="libs.jstl.javadoc" value="C:\Users\Ejeul\Downloads\netbeans\enterprise\docs\javaee-doc-api.jar" />
    <property name="libs.javaee-endorsed-api-7.0.maven-pom" value="" />
    <property name="libs.jaxws21.classpath" value="C:\Users\Ejeul\Downloads\netbeans\java\modules\ext\jaxws22\FastInfoset.jar;C:\Users\Ejeul\Downloads\netbeans\java\modules\ext\jaxws22\gmbal-api-only.jar;C:\Users\Ejeul\Downloads\netbeans\java\modules\ext\jaxws22\ha-api.jar;C:\Users\Ejeul\Downloads\netbeans\java\modules\ext\jaxws22\javax.mail_1.4.jar;C:\Users\Ejeul\Downloads\netbeans\java\modules\ext\jaxws22\jaxws-rt.jar;C:\Users\Ejeul\Downloads\netbeans\java\modules\ext\jaxws22\jaxws-tools.jar;C:\Users\Ejeul\Downloads\netbeans\java\modules\ext\jaxws22\management-api.jar;C:\Users\Ejeul\Downloads\netbeans\java\modules\ext\jaxws22\mimepull.jar;C:\Users\Ejeul\Downloads\netbeans\java\modules\ext\jaxws22\policy.jar;C:\Users\Ejeul\Downloads\netbeans\java\modules\ext\jaxws22\saaj-impl.jar;C:\Users\Ejeul\Downloads\netbeans\java\modules\ext\jaxws22\stax-ex.jar;C:\Users\Ejeul\Downloads\netbeans\java\modules\ext\jaxws22\stax2-api.jar;C:\Users\Ejeul\Downloads\netbeans\java\modules\ext\jaxws22\streambuffer.jar;C:\Users\Ejeul\Downloads\netbeans\java\modules\ext\jaxws22\woodstox-core-asl.jar;C:\Users\Ejeul\Downloads\netbeans\java\modules\ext\jaxws22\api\jaxws-api.jar;C:\Users\Ejeul\Downloads\netbeans\java\modules\ext\jaxws22\api\jsr181-api.jar;C:\Users\Ejeul\Downloads\netbeans\java\modules\ext\jaxws22\api\javax.annotation.jar;C:\Users\Ejeul\Downloads\netbeans\java\modules\ext\jaxws22\api\saaj-api.jar;C:\Users\Ejeul\Downloads\netbeans\ide\modules\ext\jaxb\activation.jar;C:\Users\Ejeul\Downloads\netbeans\ide\modules\ext\jaxb\api\jaxb-api.jar" />
    <property name="libs.restapi.classpath" value="C:\Users\Ejeul\Downloads\netbeans\enterprise\modules\ext\jaxrs-2.0\javax.ws.rs-api-2.0.jar" />
    <property name="os.arch" value="amd64" />
    <property name="build.generated.dir" value="build/generated" />
    <property name="libs.groovy-all.javadoc" value="" />
    <property name="libs.javaee-web-api-7.0.javadoc" value="C:\Users\Ejeul\Downloads\netbeans\enterprise\docs\javaee-doc-api.jar" />
    <property name="jnlp.descriptor" value="application" />
    <property name="libs.jsf12.maven-pom" value="" />
    <property name="libs.javaee-endorsed-api-7.0.classpath" value="C:\Users\Ejeul\Downloads\netbeans\enterprise\modules\ext\javaee7-endorsed\javax.annotation-api.jar;C:\Users\Ejeul\Downloads\netbeans\enterprise\modules\ext\javaee7-endorsed\javax.xml.soap-api.jar;C:\Users\Ejeul\Downloads\netbeans\enterprise\modules\ext\javaee7-endorsed\jaxb-api-osgi.jar;C:\Users\Ejeul\Downloads\netbeans\enterprise\modules\ext\javaee7-endorsed\jaxws-api.jar;C:\Users\Ejeul\Downloads\netbeans\enterprise\modules\ext\javaee7-endorsed\jsr181-api.jar" />
    <property name="org.netbeans.io.suspend" value="0" />
    <property name="libs.primefaces.maven-pom" value="" />
    <property name="ant.project.name" value="Towa" />
    <property name="dist.javadoc.dir" value="dist/javadoc" />
    <property name="default.javac.target" value="15" />
    <property name="ant.file.Towa" value="C:\Users\Ejeul\OneDrive\Documents\NetBeansProjects\Towa\build.xml" />
    <property name="javac.fork" value="true" />
    <property name="libs.eclipselink.classpath" value="C:\Users\Ejeul\Downloads\netbeans\java\modules\ext\eclipselink\org.eclipse.persistence.core-2.5.2.jar;C:\Users\Ejeul\Downloads\netbeans\java\modules\ext\eclipselink\org.eclipse.persistence.asm-2.5.2.jar;C:\Users\Ejeul\Downloads\netbeans\java\modules\ext\eclipselink\org.eclipse.persistence.antlr-2.5.2.jar;C:\Users\Ejeul\Downloads\netbeans\java\modules\ext\eclipselink\org.eclipse.persistence.jpa-2.5.2.jar;C:\Users\Ejeul\Downloads\netbeans\java\modules\ext\eclipselink\org.eclipse.persistence.jpa.jpql-2.5.2.jar;C:\Users\Ejeul\Downloads\netbeans\java\modules\ext\eclipselink\javax.persistence-2.1.0.jar" />
    <property name="libs.javac-api.classpath" value="" />
    <property name="libs.struts.classpath" value="C:\Users\Ejeul\Downloads\netbeans\enterprise\modules\ext\struts\antlr-2.7.2.jar;C:\Users\Ejeul\Downloads\netbeans\enterprise\modules\ext\struts\bsf-2.3.0.jar;C:\Users\Ejeul\Downloads\netbeans\enterprise\modules\ext\struts\commons-beanutils-1.8.0.jar;C:\Users\Ejeul\Downloads\netbeans\enterprise\modules\ext\struts\commons-chain-1.2.jar;C:\Users\Ejeul\Downloads\netbeans\enterprise\modules\ext\struts\commons-digester-1.8.jar;C:\Users\Ejeul\Downloads\netbeans\enterprise\modules\ext\struts\commons-fileupload-1.1.1.jar;C:\Users\Ejeul\Downloads\netbeans\enterprise\modules\ext\struts\commons-io-1.1.jar;C:\Users\Ejeul\Downloads\netbeans\enterprise\modules\ext\struts\commons-logging-1.0.4.jar;C:\Users\Ejeul\Downloads\netbeans\enterprise\modules\ext\struts\commons-validator-1.3.1.jar;C:\Users\Ejeul\Downloads\netbeans\enterprise\modules\ext\struts\jstl-1.0.2.jar;C:\Users\Ejeul\Downloads\netbeans\enterprise\modules\ext\struts\oro-2.0.8.jar;C:\Users\Ejeul\Downloads\netbeans\enterprise\modules\ext\struts\standard-1.0.6.jar;C:\Users\Ejeul\Downloads\netbeans\enterprise\modules\ext\struts\struts-core-1.3.10.jar;C:\Users\Ejeul\Downloads\netbeans\enterprise\modules\ext\struts\struts-el-1.3.10.jar;C:\Users\Ejeul\Downloads\netbeans\enterprise\modules\ext\struts\struts-extras-1.3.10.jar;C:\Users\Ejeul\Downloads\netbeans\enterprise\modules\ext\struts\struts-faces-1.3.10.jar;C:\Users\Ejeul\Downloads\netbeans\enterprise\modules\ext\struts\struts-mailreader-dao-1.3.10.jar;C:\Users\Ejeul\Downloads\netbeans\enterprise\modules\ext\struts\struts-scripting-1.3.10.jar;C:\Users\Ejeul\Downloads\netbeans\enterprise\modules\ext\struts\struts-taglib-1.3.10.jar;C:\Users\Ejeul\Downloads\netbeans\enterprise\modules\ext\struts\struts-tiles-1.3.10.jar" />
    <property name="libs.PostgreSQLDriver.maven-pom" value="" />
    <property name="libs.absolutelayout.src" value="" />
    <property name="testng.mode" value="testng" />
    <property name="annotation.processing.enabled.in.editor" value="false" />
    <property name="java.vm.compressedOopsMode" value="Zero based" />
    <property name="netbeans.productversion" value="Apache NetBeans IDE 11.0 (Build incubator-netbeans-release-404-on-20190319)" />
    <property name="mkdist.disabled" value="false" />
    <property name="libs.javaee-web-api-6.0.javadoc" value="C:\Users\Ejeul\Downloads\netbeans\enterprise\docs\javaee-doc-api.jar" />
    <property name="libs.groovy-all.classpath" value="C:\Users\Ejeul\Downloads\netbeans\groovy\modules\ext\groovy.jar;C:\Users\Ejeul\Downloads\netbeans\groovy\modules\ext\groovy-ant.jar" />
    <property name="libs.javaee-api-7.0.maven-pom" value="" />
    <property name="libs.absolutelayout.javadoc" value="" />
    <property name="libs.jaxb.maven-pom" value="" />
    <property name="annotation.processing.processor.options" value="" />
    <property name="libs.javaee-api-6.0.maven-pom" value="" />
    <property name="dist.dir" value="dist" />
    <property name="build.dir" value="build" />
    <property name="netbeans.autoupdate.variant" value="" />
    <property name="javadoc.version" value="false" />
    <property name="libs.metro.classpath" value="C:\Users\Ejeul\Downloads\netbeans\ide\modules\ext\jaxb\activation.jar;C:\Users\Ejeul\Downloads\netbeans\enterprise\modules\ext\metro\webservices-api.jar;C:\Users\Ejeul\Downloads\netbeans\enterprise\modules\ext\metro\webservices-extra-api.jar;C:\Users\Ejeul\Downloads\netbeans\enterprise\modules\ext\metro\webservices-extra.jar;C:\Users\Ejeul\Downloads\netbeans\enterprise\modules\ext\metro\webservices-rt.jar;C:\Users\Ejeul\Downloads\netbeans\enterprise\modules\ext\metro\webservices-tools.jar" />
    <property name="libs.metro.src" value="" />
    <property name="libs.CopyLibs.classpath" value="C:\Users\Ejeul\Downloads\netbeans\java\ant\extra\org-netbeans-modules-java-j2seproject-copylibstask.jar" />
    <property name="sun.os.patch.level" value="" />
    <property name="javadoc.html5" value="false" />
    <property name="javac.test.processorpath" value=":build/classes:C:\Users\Ejeul\Downloads\netbeans\platform\modules\ext\hamcrest-core-1.3.jar:C:\Users\Ejeul\Downloads\netbeans\platform\modules\ext\junit-4.12.jar" />
    <property name="libs.javaee-web-api-7.0.maven-pom" value="" />
    <property name="netbeans.dirs" value="C:\Users\Ejeul\Downloads\netbeans\nb;C:\Users\Ejeul\Downloads\netbeans\ergonomics;C:\Users\Ejeul\Downloads\netbeans\ide;C:\Users\Ejeul\Downloads\netbeans\extide;C:\Users\Ejeul\Downloads\netbeans\java;C:\Users\Ejeul\Downloads\netbeans\apisupport;C:\Users\Ejeul\Downloads\netbeans\webcommon;C:\Users\Ejeul\Downloads\netbeans\websvccommon;C:\Users\Ejeul\Downloads\netbeans\enterprise;C:\Users\Ejeul\Downloads\netbeans\mobility;C:\Users\Ejeul\Downloads\netbeans\profiler;C:\Users\Ejeul\Downloads\netbeans\python;C:\Users\Ejeul\Downloads\netbeans\php;C:\Users\Ejeul\Downloads\netbeans\identity;C:\Users\Ejeul\Downloads\netbeans\harness;C:\Users\Ejeul\Downloads\netbeans\cnd;C:\Users\Ejeul\Downloads\netbeans\cndext;C:\Users\Ejeul\Downloads\netbeans\dlight;C:\Users\Ejeul\Downloads\netbeans\groovy;C:\Users\Ejeul\Downloads\netbeans\extra;C:\Users\Ejeul\Downloads\netbeans\javacard;C:\Users\Ejeul\Downloads\netbeans\javafx" />
    <property name="libs.hamcrest.maven-pom" value="" />
    <property name="javac.processorpath" value="" />
    <property name="libs.javaee-api-6.0.javadoc" value="C:\Users\Ejeul\Downloads\netbeans\enterprise\docs\javaee-doc-api.jar" />
    <property name="libs.JWSAntTasks.maven-pom" value="" />
    <property name="run.modulepath" value="" />
    <property name="jnlp.codebase.type" value="no.codebase" />
    <property name="do.archive+manifest.available" value="true" />
    <property name="apple.laf.useScreenMenuBar" value="true" />
    <property name="user.country" value="FR" />
    <property name="sun.java.launcher" value="SUN_STANDARD" />
    <property name="libs.restapi.javadoc" value="" />
    <property name="libs.jpa20-persistence.src" value="" />
    <property name="endorsed.classpath" value="" />
    <property name="javac.test.sourcepath" value="C:\Users\Ejeul\OneDrive\Documents\NetBeansProjects\Towa\build\empty" />
    <property name="libs.spring-webmvc3.0.maven-pom" value="" />
    <property name="includes" value="**" />
    <property name="ant.file.Towa-impl" value="C:\Users\Ejeul\OneDrive\Documents\NetBeansProjects\Towa\nbproject\build-impl.xml" />
    <property name="ant.file.type.Towa" value="file" />
    <property name="libs.jsf12.javadoc" value="C:\Users\Ejeul\Downloads\netbeans\enterprise\docs\javaee-doc-api.jar" />
    <property name="libs.hamcrest.classpath" value="C:\Users\Ejeul\Downloads\netbeans\platform\modules\ext\hamcrest-core-1.3.jar" />
    <property name="javadoc.splitindex" value="true" />
    <property name="libs.JWSAntTasks.classpath" value="C:\Users\Ejeul\Downloads\netbeans\java\ant\extra\org-netbeans-modules-javawebstart-anttasks.jar" />
    <property name="junit.available" value="true" />
    <property name="manifest.custom.application.library.allowable.codebase" value="" />
    <property name="javac.processormodulepath" value="" />
    <property name="javadoc.encoding" value="UTF-8" />
    <property name="do.mkdist" value="true" />
    <property name="netbeans.hash.code" value="unique=01a560191-035f-45f8-a3ba-d4558b30dcc2_9e399c65-38ee-48e1-939f-2eb001a04579" />
    <property name="libs.jsp-compilation-syscp.maven-pom" value="" />
    <property name="libs.jstl.src" value="" />
    <property name="libs.spring-webmvc3.0.classpath" value="C:\Users\Ejeul\Downloads\netbeans\java\modules\ext\spring-3.0\spring-webmvc-3.2.7.RELEASE.jar" />
    <property name="java.runtime.name" value="Java(TM) SE Runtime Environment" />
    <property name="manifest.available" value="true" />
    <property name="libs.jaxb.javadoc" value="C:\Users\Ejeul\Downloads\netbeans\ide\docs\jaxb-api-2.2.5-javadoc.jar" />
    <property name="run.jvmargs.ide" value="" />
    <property name="ant.core.lib" value="C:\Users\Ejeul\Downloads\netbeans\extide\ant\lib\ant.jar" />
    <property name="libs.jsp-compilation.maven-pom" value="" />
    <property name="netbeans.logger.console" value="true" />
    <property name="javac.profile.cmd.line.arg" value="" />
    <property name="application.title" value="Towa" />
    <property name="javac.test.modulepath" value="" />
    <property name="ignore.failing.tests" value="true" />
    <property name="libs.PostgreSQLDriver.javadoc" value="" />
    <property name="libs.jsp-compilation-syscp.classpath" value="C:\Users\Ejeul\Downloads\netbeans\extide\ant\lib\ant.jar;C:\Users\Ejeul\Downloads\netbeans\enterprise\modules\ext\servlet3.1-jsp2.3-api.jar;C:\Users\Ejeul\Downloads\netbeans\enterprise\modules\ext\glassfish-jspparser-4.0.jar;C:\Users\Ejeul\Downloads\netbeans\enterprise\modules\ext\jstl-impl.jar;C:\Users\Ejeul\Downloads\netbeans\enterprise\modules\ext\jsf-2_2\javax.faces.jar" />
    <property name="libs.jsp-compilation.classpath" value="C:\Users\Ejeul\Downloads\netbeans\extide\ant\lib\ant.jar;C:\Users\Ejeul\Downloads\netbeans\enterprise\modules\ext\servlet3.1-jsp2.3-api.jar;C:\Users\Ejeul\Downloads\netbeans\enterprise\modules\ext\glassfish-jspparser-4.0.jar;C:\Users\Ejeul\Downloads\netbeans\enterprise\modules\ext\jsf-2_2\javax.faces.jar;C:\Users\Ejeul\Downloads\netbeans\enterprise\modules\ext\jstl-api.jar;C:\Users\Ejeul\Downloads\netbeans\extide\ant\lib\ant-launcher.jar" />
    <property name="libs.javaee-api-6.0.classpath" value="C:\Users\Ejeul\Downloads\netbeans\enterprise\modules\ext\javaee-api-6.0.jar" />
    <property name="javac.includesfile.binary" value="C:\Users\Ejeul\OneDrive\Documents\NetBeansProjects\Towa\null1112754844" />
    <property name="libs.javaee-api-7.0.classpath" value="C:\Users\Ejeul\Downloads\netbeans\enterprise\modules\ext\javaee-api-7.0.jar" />
    <property name="sun.cpu.isalist" value="amd64" />
    <property name="libs.restapi.maven-pom" value="" />
    <property name="do.depend" value="false" />
    <property name="javadoc.preview" value="true" />
    <property name="sun.arch.data.model" value="64" />
    <property name="jnlp.signing.alias" value="" />
    <property name="nb.show.statistics.ui" value="usageStatisticsEnabled" />
    <property name="libs.javaee-endorsed-api-7.0.src" value="" />
    <property name="annotation.processing.enabled" value="true" />
    <property name="libs.junit_5.src" value="C:\Users\Ejeul\Downloads\netbeans\platform\docs\junit-jupiter-api-5.3.1-sources.jar;C:\Users\Ejeul\Downloads\netbeans\platform\docs\junit-jupiter-params-5.3.1-sources.jar;C:\Users\Ejeul\Downloads\netbeans\platform\docs\junit-jupiter-engine-5.3.1-sources.jar" />
    <property name="libs.jaxb.classpath" value="C:\Users\Ejeul\Downloads\netbeans\ide\modules\ext\jaxb\jaxb-impl-2.2.5-2.jar;C:\Users\Ejeul\Downloads\netbeans\ide\modules\ext\jaxb\jaxb-xjc-2.2.5-2.jar;C:\Users\Ejeul\Downloads\netbeans\ide\modules\ext\jaxb\jaxb1-impl-2.2.5-2.jar;C:\Users\Ejeul\Downloads\netbeans\ide\modules\ext\jaxb\activation.jar;C:\Users\Ejeul\Downloads\netbeans\ide\modules\ext\jaxb\api\jaxb-api.jar" />
    <property name="auxiliary.org-netbeans-spi-editor-hints-projects.perProjectHintSettingsFile" value="nbproject/cfg_hints.xml" />
    <property name="libs.CopyLibs.src" value="" />
    <property name="java.specification.vendor" value="Oracle Corporation" />
    <property name="javac.source" value="1.8" />
    <property name="java.version.date" value="2020-10-20" />
    <property name="java.home" value="C:\Program Files\Java\jdk-15.0.1" />
    <property name="work.dir" value="C:\Users\Ejeul\OneDrive\Documents\NetBeansProjects\Towa" />
    <property name="jna.boot.library.name" value="jnidispatch-440" />
    <property name="javac.test.compilerargs" value="" />
    <property name="libs.PostgreSQLDriver.classpath" value="C:\Users\Ejeul\Downloads\netbeans\ide\modules\ext\postgresql-42.2.5.jar" />
    <property name="libs.spring-webmvc3.0.javadoc" value="" />
    <property name="libs.JAXB-ENDORSED.src" value="" />
    <property name="user.script" value="" />
    <property name="manifest.encoding" value="UTF-8" />
    <property name="manifest.custom.permissions" value="" />
    <property name="libs.spring-framework400.src" value="" />
    <property name="sun.management.compiler" value="HotSpot 64-Bit Tiered Compilers" />
    <property name="run.test.modulepath" value="" />
    <property name="libs.maven-dependencies.src" value="" />
    <property name="libs.javaee-web-api-6.0.classpath" value="C:\Users\Ejeul\Downloads\netbeans\enterprise\modules\ext\javaee-web-api-6.0.jar" />
    <property name="libs.jsp-compiler.javadoc" value="" />
    <property name="debug.test.modulepath" value="" />
    <property name="libs.javaee-web-api-7.0.classpath" value="C:\Users\Ejeul\Downloads\netbeans\enterprise\modules\ext\javaee-web-api-7.0.jar" />
    <property name="file.encoding" value="Cp1252" />
    <property name="java.util.logging.config.class" value="org.netbeans.core.startup.TopLogging" />
    <property name="https.nonProxyHosts" value="localhost|127.0.0.1|LAPTOP-R9TR2K06" />
    <property name="libs.restlib.javadoc" value="" />
    <property name="libs.absolutelayout.classpath" value="C:\Users\Ejeul\Downloads\netbeans\java\modules\ext\AbsoluteLayout.jar" />
    <property name="org.openide.awt.ActionReference.completion" value="org.netbeans.modules.apisupport.project.layers.PathCompletions" />
    <property name="do.archive" value="true" />
    <property name="libs.struts.maven-pom" value="" />
    <property name="built-jar.properties" value="C:\Users\Ejeul\OneDrive\Documents\NetBeansProjects\Towa\build\built-jar.properties" />
    <property name="nb.native.filechooser" value="false" />
    <property name="libs.testng.src" value="" />
    <property name="platform.active" value="default_platform" />
    <property name="manifest.file" value="manifest.mf" />
    <property name="sun.io.unicode.encoding" value="UnicodeLittle" />
    <property name="libs.struts.javadoc" value="C:\Users\Ejeul\Downloads\netbeans\enterprise\docs\struts-1.3.10-javadoc.zip" />
    <property name="default.javac.source" value="15" />
    <property name="netbeans.dynamic.classpath" value="C:\Users\Ejeul\Downloads\netbeans\platform\core\asm-all-5.0.1.jar;C:\Users\Ejeul\Downloads\netbeans\platform\core\core-base.jar;C:\Users\Ejeul\Downloads\netbeans\platform\core\core.jar;C:\Users\Ejeul\Downloads\netbeans\platform\core\org-netbeans-libs-asm.jar;C:\Users\Ejeul\Downloads\netbeans\platform\core\org-openide-filesystems-compat8.jar;C:\Users\Ejeul\Downloads\netbeans\platform\core\org-openide-filesystems.jar;C:\Users\Ejeul\Downloads\netbeans\nb\core\org-netbeans-upgrader.jar;C:\Users\Ejeul\Downloads\netbeans\nb\core\locale\core_nb.jar" />
    <property name="libs.eclipselinkmodelgen.classpath" value="C:\Users\Ejeul\Downloads\netbeans\java\modules\ext\eclipselink\org.eclipse.persistence.jpa.modelgen.processor-2.5.2.jar" />
    <property name="netbeans.buildnumber" value="incubator-netbeans-release-404-on-20190319" />
    <property name="endorsed.classpath.cmd.line.arg" value="" />
    <property name="libs.jpa20-persistence.maven-pom" value="" />
    <property name="build.sysclasspath" value="ignore" />
    <property name="os.name" value="Windows 10" />
    <property name="libs.CopyLibs.maven-pom" value="" />
    <property name="jdkBug6558476" value="false" />
    <property name="http.nonProxyHosts" value="localhost|127.0.0.1|LAPTOP-R9TR2K06" />
    <property name="javadoc.author" value="false" />
    <property name="main.class" value="" />
    <property name="libs.jsp-compilation-syscp.javadoc" value="" />
    <property name="source.encoding" value="UTF-8" />
    <property name="jar.compress" value="false" />
    <property name="libs.javaee-api-7.0.javadoc" value="C:\Users\Ejeul\Downloads\netbeans\enterprise\docs\javaee-doc-api.jar" />
    <property name="jnlp.mixed.code" value="default" />
    <property name="libs.jsf20.maven-pom" value="" />
    <property name="libs.restlib.classpath" value="C:\Users\Ejeul\Downloads\netbeans\enterprise\modules\ext\jersey2\ext\asm-all-repackaged-2.2.0-b21.jar;C:\Users\Ejeul\Downloads\netbeans\enterprise\modules\ext\jersey2\ext\cglib-2.2.0-b21.jar;C:\Users\Ejeul\Downloads\netbeans\enterprise\modules\ext\jersey2\ext\guava-14.0.1.jar;C:\Users\Ejeul\Downloads\netbeans\enterprise\modules\ext\jersey2\ext\hk2-api-2.2.0-b21.jar;C:\Users\Ejeul\Downloads\netbeans\enterprise\modules\ext\jersey2\ext\hk2-locator-2.2.0-b21.jar;C:\Users\Ejeul\Downloads\netbeans\enterprise\modules\ext\jersey2\ext\hk2-utils-2.2.0-b21.jar;C:\Users\Ejeul\Downloads\netbeans\enterprise\modules\ext\jersey2\ext\javax.annotation-api-1.2.jar;C:\Users\Ejeul\Downloads\netbeans\enterprise\modules\ext\jersey2\ext\javax.inject-2.2.0-b21.jar;C:\Users\Ejeul\Downloads\netbeans\enterprise\modules\ext\jersey2\ext\javax.servlet-api-3.0.1.jar;C:\Users\Ejeul\Downloads\netbeans\enterprise\modules\ext\jersey2\ext\jaxb-api-2.2.7.jar;C:\Users\Ejeul\Downloads\netbeans\enterprise\modules\ext\jersey2\ext\jersey-entity-filtering-2.5.1.jar;C:\Users\Ejeul\Downloads\netbeans\enterprise\modules\ext\jersey2\ext\jersey-media-moxy-2.5.1.jar;C:\Users\Ejeul\Downloads\netbeans\enterprise\modules\ext\jersey2\ext\org.osgi.core-4.2.0.jar;C:\Users\Ejeul\Downloads\netbeans\enterprise\modules\ext\jersey2\ext\osgi-resource-locator-1.0.1.jar;C:\Users\Ejeul\Downloads\netbeans\enterprise\modules\ext\jersey2\ext\persistence-api-1.0.jar;C:\Users\Ejeul\Downloads\netbeans\enterprise\modules\ext\jersey2\ext\validation-api-1.1.0.Final.jar;C:\Users\Ejeul\Downloads\netbeans\enterprise\modules\ext\jersey2\jersey-client.jar;C:\Users\Ejeul\Downloads\netbeans\enterprise\modules\ext\jersey2\jersey-common.jar;C:\Users\Ejeul\Downloads\netbeans\enterprise\modules\ext\jersey2\jersey-container-servlet.jar;C:\Users\Ejeul\Downloads\netbeans\enterprise\modules\ext\jersey2\jersey-container-servlet-core.jar;C:\Users\Ejeul\Downloads\netbeans\enterprise\modules\ext\jersey2\jersey-server.jar" />
    <property name="apple.awt.graphics.UseQuartz" value="true" />
    <property name="run.jvmargs" value="" />
    <property name="libs.primefaces.src" value="" />
    <property name="ant.file" value="C:\Users\Ejeul\OneDrive\Documents\NetBeansProjects\Towa\build.xml" />
    <property name="libs.struts.src" value="" />
    <property name="path.separator" value=";" />
    <property name="libs.JAXB-ENDORSED.classpath" value="C:\Users\Ejeul\Downloads\netbeans\ide\modules\ext\jaxb\api\jaxb-api.jar" />
    <property name="libs.restlib.src" value="" />
    <property name="build.test.results.dir" value="build/test/results" />
    <property name="libs.jaxws21.javadoc" value="C:\Users\Ejeul\Downloads\netbeans\java\docs\jaxws-api-doc.zip" />
    <property name="libs.spring-framework400.maven-pom" value="" />
    <property name="ap.processors.internal" value="" />
    <property name="libs.jsf12.classpath" value="C:\Users\Ejeul\Downloads\netbeans\enterprise\modules\ext\jsf-1_2\jsf-api.jar;C:\Users\Ejeul\Downloads\netbeans\enterprise\modules\ext\jsf-1_2\jsf-impl.jar" />
    <property name="libs.hamcrest.javadoc" value="" />
    <property name="libs.spring-framework400.javadoc" value="" />
    <property name="libs.javac-api.src" value="" />
    <property name="java.vm.info" value="mixed mode, sharing" />
    <property name="libs.primefaces.classpath" value="C:\Users\Ejeul\Downloads\netbeans\enterprise\modules\ext\primefaces\primefaces-5.0.jar" />
    <property name="libs.jaxws21.maven-pom" value="" />
    <property name="run.test.classpath" value=":build/classes:C:\Users\Ejeul\Downloads\netbeans\platform\modules\ext\hamcrest-core-1.3.jar:C:\Users\Ejeul\Downloads\netbeans\platform\modules\ext\junit-4.12.jar:build/test/classes:C:\Users\Ejeul\Downloads\netbeans\platform\modules\ext\hamcrest-core-1.3.jar:C:\Users\Ejeul\Downloads\netbeans\platform\modules\ext\junit-4.12.jar" />
    <property name="dist.jlink.output" value="dist/jlink/Towa" />
    <property name="javadoc.encoding.used" value="UTF-8" />
    <property name="java.class.version" value="59.0" />
    <property name="src.dir" value="src" />
    <property name="debug.classpath" value=":build/classes" />
    <property name="ant.project.default-target" value="default" />
    <property name="excludes" value="" />
    <property name="libs.javaee-api-7.0.src" value="" />
    <property name="libs.junit_4.javadoc" value="C:\Users\Ejeul\Downloads\netbeans\platform\docs\junit-4.12-javadoc.jar" />
    <property name="run.test.jvmargs" value="" />
    <property name="sun.jnu.encoding" value="Cp1252" />
    <property name="jnlp.offline-allowed" value="false" />
    <property name="libs.spring-webmvc4.0.src" value="" />
    <property name="sun.java2d.dpiaware" value="true" />
    <property name="libs.jsf20.javadoc" value="C:\Users\Ejeul\Downloads\netbeans\enterprise\docs\javaee-doc-api.jar" />
    <property name="jar.archive.disabled" value="false" />
    <property name="netbeans.importclass" value="org.netbeans.upgrade.AutoUpgrade" />
    <property name="netbeans.autoupdate.version" value="1.23" />
    <property name="empty.dir" value="C:\Users\Ejeul\OneDrive\Documents\NetBeansProjects\Towa\build\empty" />
    <property name="netbeans.user" value="C:\Users\Ejeul\AppData\Roaming\NetBeans\11.0" />
    <property name="javac.includes.binary" value="C:\Users\Ejeul\OneDrive\Documents\NetBeansProjects\Towa\build\test\classes\towa\TestKamikaze.class" />
    <property name="file.separator" value="\" />
    <property name="line.separator" value="&#xd;&#xa;" />
    <property name="javadoc.additionalparam" value="" />
    <property name="jnlp.signed" value="false" />
    <property name="javac.debug" value="true" />
    <property name="libs.restlib.maven-pom" value="" />
    <property name="libs.testng.classpath" value="C:\Users\Ejeul\Downloads\netbeans\platform\modules\ext\testng-6.8.1-dist.jar" />
    <property name="libs.jsp-compiler.src" value="" />
    <property name="user.name" value="Ejeul" />
    <property name="build.classes.dir" value="build/classes" />
    <property name="libs.maven-dependencies.javadoc" value="C:\Users\Ejeul\Downloads\netbeans\enterprise\docs\javaee-doc-api.jar" />
    <property name="nb.junit.single" value="false" />
    <property name="javadoc.windowtitle" value="" />
    <property name="nb.internal.action.name" value="test.single" />
    <property name="libs.jaxws21.src" value="" />
    <property name="libs.maven-dependencies.classpath" value="C:\Users\Ejeul\Downloads\netbeans\enterprise\modules\ext\javaee6-endorsed\javax.annotation.jar;C:\Users\Ejeul\Downloads\netbeans\enterprise\modules\ext\javaee6-endorsed\jaxb-api-osgi.jar;C:\Users\Ejeul\Downloads\netbeans\enterprise\modules\ext\javaee6-endorsed\webservices-api-osgi.jar" />
    <property name="ant.file.type.Towa-impl" value="file" />
    <property name="jna.loaded" value="true" />
    <property name="libs.junit_5.maven-pom" value="" />
    <property name="libs.jpa20-persistence.javadoc" value="" />
    <property name="ant.junit.enabletestlistenerevents" value="true" />
    <property name="libs.JWSAntTasks.src" value="" />
    <property name="ant.home" value="C:\Users\Ejeul\Downloads\netbeans\extide\ant" />
    <property name="libs.spring-webmvc3.0.src" value="" />
    <property name="debug.test.classpath" value=":build/classes:C:\Users\Ejeul\Downloads\netbeans\platform\modules\ext\hamcrest-core-1.3.jar:C:\Users\Ejeul\Downloads\netbeans\platform\modules\ext\junit-4.12.jar:build/test/classes:C:\Users\Ejeul\Downloads\netbeans\platform\modules\ext\hamcrest-core-1.3.jar:C:\Users\Ejeul\Downloads\netbeans\platform\modules\ext\junit-4.12.jar" />
    <property name="javac.external.vm" value="true" />
    <property name="have.tests" value="true" />
    <property name="testng.debug.mode" value="" />
    <property name="javac.target" value="1.8" />
    <property name="jnlp.signing" value="" />
    <property name="ant.version" value="Apache Ant(TM) version 1.10.4 compiled on June 19 2018" />
    <property name="libs.absolutelayout.maven-pom" value="" />
    <property name="jdk.gtk.version" value="2.2" />
    <property name="java.failonerror" value="true" />
    <property name="javac.modulepath" value="" />
    <property name="libs.javaee-api-6.0.src" value="" />
    <property name="user.properties.file" value="C:\Users\Ejeul\AppData\Roaming\NetBeans\11.0\build.properties" />
    <property name="javac.includes" value="towa/TestKamikaze.java" />
    <property name="netbeans.autoupdate.country" value="FR" />
    <property name="java.class.path" value="C:\Users\Ejeul\OneDrive\Documents\NetBeansProjects\Towa\build\classes;C:\Users\Ejeul\Downloads\netbeans\platform\modules\ext\hamcrest-core-1.3.jar;C:\Users\Ejeul\Downloads\netbeans\platform\modules\ext\junit-4.12.jar;C:\Users\Ejeul\OneDrive\Documents\NetBeansProjects\Towa\build\test\classes;C:\Users\Ejeul\Downloads\netbeans\extide\ant\lib\ant-launcher.jar;C:\Users\Ejeul\Downloads\netbeans\extide\ant\lib\ant.jar;C:\Users\Ejeul\Downloads\netbeans\extide\ant\lib\ant-junit.jar;C:\Users\Ejeul\Downloads\netbeans\extide\ant\lib\ant-junit4.jar" />
    <property name="libs.javaee-web-api-6.0.maven-pom" value="" />
    <property name="java.vm.vendor" value="Oracle Corporation" />
    <property name="ap.supported.internal" value="true" />
    <property name="user.variant" value="" />
    <property name="netbeans.home+have.tests" value="true" />
    <property name="test.binaryexcludes" value="" />
    <property name="javac.compilerargs" value="" />
    <property name="libs.jstl.maven-pom" value="" />
    <property name="sun.cpu.endian" value="little" />
    <property name="libs.junit_4.src" value="C:\Users\Ejeul\Downloads\netbeans\platform\docs\junit-4.12-sources.jar" />
    <property name="user.language" value="fr" />
    <property name="copylibs.rebase" value="true" />
    <property name="libs.javaee-web-api-6.0.src" value="" />
    <property name="javadoc.nonavbar" value="false" />
    <property name="ant.java.version" value="15" />
    <property name="libs.junit_4.classpath" value="C:\Users\Ejeul\Downloads\netbeans\platform\modules\ext\junit-4.12.jar" />
    <property name="jlink.launcher.name" value="Towa" />
    <property name="test.binarytestincludes" value="" />
    <property name="sun.awt.keepWorkingSetOnMinimize" value="true" />
    <property name="libs.junit_4.maven-pom" value="" />
    <property name="libs.jsp-compiler.maven-pom" value="" />
    <property name="runtime.encoding" value="UTF-8" />
    <property name="jlink.additionalmodules" value="" />
    <property name="javac.classpath" value="" />
    <property name="dist.jlink.dir" value="dist/jlink" />
    <property name="nb.junit.batch" value="true" />
    <property name="build.test.classes.dir" value="build/test/classes" />
    <property name="libs.spring-framework300.maven-pom" value="" />
    <property name="ant.project.invoked-targets" value="test-single" />
    <property name="libs.jstl.classpath" value="C:\Users\Ejeul\Downloads\netbeans\enterprise\modules\ext\jstl-impl.jar;C:\Users\Ejeul\Downloads\netbeans\enterprise\modules\ext\jstl-api.jar" />
    <property name="ap.cmd.line.internal" value="" />
    <property name="libs.PostgreSQLDriver.src" value="" />
    <property name="java.vendor.url.bug" value="https://bugreport.java.com/bugreport/" />
    <property name="annotation.processing.source.output" value="build/generated-sources/ap-source-output" />
    <property name="user.dir" value="C:\Users\Ejeul\OneDrive\Documents\NetBeansProjects\Towa" />
    <property name="platform.java" value="C:\Program Files\Java\jdk-15.0.1/bin/java" />
    <property name="application.args" value="" />
    <property name="org.xml.sax.driver" value="com.sun.org.apache.xerces.internal.jaxp.SAXParserImpl$JAXPSAXParser" />
    <property name="libs.eclipselink.src" value="" />
    <property name="java.vm.version" value="15.0.1+9-18" />
    <property name="manifest.custom.codebase" value="" />
    <property name="libs.metro.javadoc" value="C:\Users\Ejeul\Downloads\netbeans\enterprise\docs\webservices-api-javadoc.jar;C:\Users\Ejeul\Downloads\netbeans\enterprise\docs\webservices-extra-javadoc.jar;C:\Users\Ejeul\Downloads\netbeans\enterprise\docs\webservices-extra-api-javadoc.jar;C:\Users\Ejeul\Downloads\netbeans\enterprise\docs\webservices-rt-javadoc.jar;C:\Users\Ejeul\Downloads\netbeans\enterprise\docs\webservices-tools-javadoc.jar" />
    <property name="test.class" value="towa.TestKamikaze" />
    <property name="sun.awt.datatransfer.timeout" value="1000" />
    <property name="libs.jsp-compiler.classpath" value="C:\Users\Ejeul\Downloads\netbeans\enterprise\ant\extra\jspcompile.jar" />
    <property name="annotation.processing.run.all.processors" value="true" />
    <property name="junit.forkmode" value="perTest" />
    <property name="libs.javaee-web-api-7.0.src" value="" />
  </properties>
  <testcase classname="towa.TestKamikaze" name="testNbPionsARetirerKamikaze" time="0.0" />
  <system-out><![CDATA[]]></system-out>
  <system-err><![CDATA[]]></system-err>
</testsuite>
